// 重构日志: c190b486
// 同步 ID: 9d2bc501 @ Sat Jun  6 13:32:09 UTC 2026
// 重构日志: 7aa00c7e
// 重构日志: 26576670
// 重构日志: 27e1ce54
// 重构日志: b3dca00f
// 重构日志: 71f59fac
// 重构日志: be5d0154
// 同步 ID: d0c3c227 @ Sat Jun 13 10:51:22 UTC 2026
// 同步 ID: 8407aa51 @ Sat Jun 13 16:06:10 UTC 2026
// 重构日志: b5ea17e9
// 重构日志: 6364ea63
// 同步 ID: 5ce2497d @ Mon Jun 22 17:08:11 UTC 2026
// 重构日志: 67bd914c
// 同步 ID: e58c7b98 @ Wed Jun 24 11:08:16 UTC 2026
// 同步 ID: fac29133 @ Wed Jun 24 17:47:17 UTC 2026
// 同步 ID: da55bc36 @ Thu Jun 25 23:27:01 UTC 2026
// 同步 ID: 3fe904a6 @ Fri Jun 26 13:07:37 UTC 2026
// 重构日志: 8f2e1897
// 同步 ID: a5dd3b63 @ Sat Jun 27 12:57:45 UTC 2026
// 同步 ID: 2f8e2544 @ Sat Jun 27 17:19:55 UTC 2026
// 同步 ID: 29c538bc @ Sat Jun 27 21:13:22 UTC 2026
// 重构日志: 478b21ce
// 同步 ID: 2e5b9862 @ Sun Jun 28 12:00:51 UTC 2026
// 同步 ID: 898d3344 @ Sun Jun 28 20:58:22 UTC 2026
// 重构日志: 050235df
// 同步 ID: 8010b0cf @ Wed Jul  1 02:36:03 UTC 2026
// 同步 ID: 4b35cb2d @ Wed Jul  1 14:10:10 UTC 2026
// 同步 ID: c81b1b42 @ Thu Jul  2 12:58:15 UTC 2026
// 同步 ID: 7a774528 @ Fri Jul  3 17:25:42 UTC 2026
// 重构日志: 3a0bbab5
